# JRE version: Java(TM) SE Runtime Environment (8.0_121-b13) (build 1.8.0_121-b13)
# Java VM: Java HotSpot(TM) 64-Bit Server VM (25.121-b13 mixed mode windows-amd64 compressed oops)
Heap:
 PSYoungGen      total 186368K, used 23412K [0x000000076b500000, 0x000000077dd80000, 0x00000007c0000000)
  eden space 175104K, 6% used [0x000000076b500000,0x000000076c0e0cc8,0x0000000776000000)
  from space 11264K, 99% used [0x0000000776000000,0x0000000776afc6e8,0x0000000776b00000)
  to   space 12288K, 0% used [0x000000077d180000,0x000000077d180000,0x000000077dd80000)
 ParOldGen       total 132096K, used 11208K [0x00000006c1e00000, 0x00000006c9f00000, 0x000000076b500000)
  object space 132096K, 8% used [0x00000006c1e00000,0x00000006c28f2140,0x00000006c9f00000)
 Metaspace       used 40301K, capacity 43114K, committed 43264K, reserved 1087488K
  class space    used 5406K, capacity 5877K, committed 5888K, reserved 1048576K
GC Heap History (10 events):
Event: 2.232 GC heap before
{Heap before GC invocations=5 (full 1):
 PSYoungGen      total 76288K, used 65536K [0x000000076b500000, 0x0000000774a00000, 0x00000007c0000000)
  eden space 65536K, 100% used [0x000000076b500000,0x000000076f500000,0x000000076f500000)
  from space 10752K, 0% used [0x000000076f500000,0x000000076f500000,0x000000076ff80000)
  to   space 10752K, 0% used [0x0000000773f80000,0x0000000773f80000,0x0000000774a00000)
 ParOldGen       total 95232K, used 6518K [0x00000006c1e00000, 0x00000006c7b00000, 0x000000076b500000)
  object space 95232K, 6% used [0x00000006c1e00000,0x00000006c245d9d8,0x00000006c7b00000)
 Metaspace       used 24992K, capacity 26572K, committed 26752K, reserved 1073152K
  class space    used 3358K, capacity 3672K, committed 3712K, reserved 1048576K
Event: 2.243 GC heap after
Heap after GC invocations=5 (full 1):
 PSYoungGen      total 116224K, used 7051K [0x000000076b500000, 0x0000000774680000, 0x00000007c0000000)
  eden space 109056K, 0% used [0x000000076b500000,0x000000076b500000,0x0000000771f80000)
  from space 7168K, 98% used [0x0000000773f80000,0x0000000774662d68,0x0000000774680000)
  to   space 10752K, 0% used [0x0000000773180000,0x0000000773180000,0x0000000773c00000)
 ParOldGen       total 95232K, used 6526K [0x00000006c1e00000, 0x00000006c7b00000, 0x000000076b500000)
  object space 95232K, 6% used [0x00000006c1e00000,0x00000006c245f9d8,0x00000006c7b00000)
 Metaspace       used 24992K, capacity 26572K, committed 26752K, reserved 1073152K
  class space    used 3358K, capacity 3672K, committed 3712K, reserved 1048576K
}
Event: 4.390 GC heap before
{Heap before GC invocations=6 (full 1):
 PSYoungGen      total 116224K, used 116107K [0x000000076b500000, 0x0000000774680000, 0x00000007c0000000)
  eden space 109056K, 100% used [0x000000076b500000,0x0000000771f80000,0x0000000771f80000)
  from space 7168K, 98% used [0x0000000773f80000,0x0000000774662d68,0x0000000774680000)
  to   space 10752K, 0% used [0x0000000773180000,0x0000000773180000,0x0000000773c00000)
 ParOldGen       total 95232K, used 6526K [0x00000006c1e00000, 0x00000006c7b00000, 0x000000076b500000)
  object space 95232K, 6% used [0x00000006c1e00000,0x00000006c245f9d8,0x00000006c7b00000)
 Metaspace       used 31545K, capacity 33382K, committed 33536K, reserved 1079296K
  class space    used 4162K, capacity 4531K, committed 4608K, reserved 1048576K
Event: 4.397 GC heap after
Heap after GC invocations=6 (full 1):
 PSYoungGen      total 138240K, used 10418K [0x000000076b500000, 0x0000000777600000, 0x00000007c0000000)
  eden space 127488K, 0% used [0x000000076b500000,0x000000076b500000,0x0000000773180000)
  from space 10752K, 96% used [0x0000000773180000,0x0000000773bacac8,0x0000000773c00000)
  to   space 11264K, 0% used [0x0000000776b00000,0x0000000776b00000,0x0000000777600000)
 ParOldGen       total 95232K, used 6534K [0x00000006c1e00000, 0x00000006c7b00000, 0x000000076b500000)
  object space 95232K, 6% used [0x00000006c1e00000,0x00000006c24619d8,0x00000006c7b00000)
 Metaspace       used 31545K, capacity 33382K, committed 33536K, reserved 1079296K
  class space    used 4162K, capacity 4531K, committed 4608K, reserved 1048576K
}
Event: 14.527 GC heap before
{Heap before GC invocations=7 (full 1):
 PSYoungGen      total 138240K, used 43075K [0x000000076b500000, 0x0000000777600000, 0x00000007c0000000)
  eden space 127488K, 25% used [0x000000076b500000,0x000000076d4e4278,0x0000000773180000)
  from space 10752K, 96% used [0x0000000773180000,0x0000000773bacac8,0x0000000773c00000)
  to   space 11264K, 0% used [0x0000000776b00000,0x0000000776b00000,0x0000000777600000)
 ParOldGen       total 95232K, used 6534K [0x00000006c1e00000, 0x00000006c7b00000, 0x000000076b500000)
  object space 95232K, 6% used [0x00000006c1e00000,0x00000006c24619d8,0x00000006c7b00000)
 Metaspace       used 33636K, capacity 35438K, committed 35496K, reserved 1079296K
  class space    used 4475K, capacity 4855K, committed 4864K, reserved 1048576K
Event: 14.532 GC heap after
Heap after GC invocations=7 (full 1):
 PSYoungGen      total 186368K, used 6223K [0x000000076b500000, 0x0000000778a00000, 0x00000007c0000000)
  eden space 175104K, 0% used [0x000000076b500000,0x000000076b500000,0x0000000776000000)
  from space 11264K, 55% used [0x0000000776b00000,0x0000000777113e48,0x0000000777600000)
  to   space 11264K, 0% used [0x0000000776000000,0x0000000776000000,0x0000000776b00000)
 ParOldGen       total 95232K, used 6542K [0x00000006c1e00000, 0x00000006c7b00000, 0x000000076b500000)
  object space 95232K, 6% used [0x00000006c1e00000,0x00000006c24639d8,0x00000006c7b00000)
 Metaspace       used 33636K, capacity 35438K, committed 35496K, reserved 1079296K
  class space    used 4475K, capacity 4855K, committed 4864K, reserved 1048576K
}
Event: 14.532 GC heap before
{Heap before GC invocations=8 (full 2):
 PSYoungGen      total 186368K, used 6223K [0x000000076b500000, 0x0000000778a00000, 0x00000007c0000000)
  eden space 175104K, 0% used [0x000000076b500000,0x000000076b500000,0x0000000776000000)
  from space 11264K, 55% used [0x0000000776b00000,0x0000000777113e48,0x0000000777600000)
  to   space 11264K, 0% used [0x0000000776000000,0x0000000776000000,0x0000000776b00000)
 ParOldGen       total 95232K, used 6542K [0x00000006c1e00000, 0x00000006c7b00000, 0x000000076b500000)
  object space 95232K, 6% used [0x00000006c1e00000,0x00000006c24639d8,0x00000006c7b00000)
 Metaspace       used 33636K, capacity 35438K, committed 35496K, reserved 1079296K
  class space    used 4475K, capacity 4855K, committed 4864K, reserved 1048576K
Event: 14.575 GC heap after
Heap after GC invocations=8 (full 2):
 PSYoungGen      total 186368K, used 0K [0x000000076b500000, 0x0000000778a00000, 0x00000007c0000000)
  eden space 175104K, 0% used [0x000000076b500000,0x000000076b500000,0x0000000776000000)
  from space 11264K, 0% used [0x0000000776b00000,0x0000000776b00000,0x0000000777600000)
  to   space 11264K, 0% used [0x0000000776000000,0x0000000776000000,0x0000000776b00000)
 ParOldGen       total 132096K, used 11166K [0x00000006c1e00000, 0x00000006c9f00000, 0x000000076b500000)
  object space 132096K, 8% used [0x00000006c1e00000,0x00000006c28e7b20,0x00000006c9f00000)
 Metaspace       used 33636K, capacity 35438K, committed 35496K, reserved 1079296K
  class space    used 4475K, capacity 4855K, committed 4864K, reserved 1048576K
}
Event: 17.509 GC heap before
{Heap before GC invocations=9 (full 2):
 PSYoungGen      total 186368K, used 175104K [0x000000076b500000, 0x0000000778a00000, 0x00000007c0000000)
  eden space 175104K, 100% used [0x000000076b500000,0x0000000776000000,0x0000000776000000)
  from space 11264K, 0% used [0x0000000776b00000,0x0000000776b00000,0x0000000777600000)
  to   space 11264K, 0% used [0x0000000776000000,0x0000000776000000,0x0000000776b00000)
 ParOldGen       total 132096K, used 11166K [0x00000006c1e00000, 0x00000006c9f00000, 0x000000076b500000)
  object space 132096K, 8% used [0x00000006c1e00000,0x00000006c28e7b20,0x00000006c9f00000)
 Metaspace       used 40138K, capacity 42872K, committed 43008K, reserved 1087488K
  class space    used 5376K, capacity 5822K, committed 5888K, reserved 1048576K
Event: 17.521 GC heap after
Heap after GC invocations=9 (full 2):
 PSYoungGen      total 186368K, used 11249K [0x000000076b500000, 0x000000077dd80000, 0x00000007c0000000)
  eden space 175104K, 0% used [0x000000076b500000,0x000000076b500000,0x0000000776000000)
  from space 11264K, 99% used [0x0000000776000000,0x0000000776afc6e8,0x0000000776b00000)
  to   space 12288K, 0% used [0x000000077d180000,0x000000077d180000,0x000000077dd80000)
 ParOldGen       total 132096K, used 11208K [0x00000006c1e00000, 0x00000006c9f00000, 0x000000076b500000)
  object space 132096K, 8% used [0x00000006c1e00000,0x00000006c28f2140,0x00000006c9f00000)
 Metaspace       used 40138K, capacity 42872K, committed 43008K, reserved 1087488K
  class space    used 5376K, capacity 5822K, committed 5888K, reserved 1048576K
}

